2017-05-07 15:19:23,083 - Initializing Velocity, Calling init()...
2017-05-07 15:19:23,083 - Starting Apache Velocity v1.7 (compiled: 2010-11-19 12:14:37)
2017-05-07 15:19:23,083 - Default Properties File: org\apache\velocity\runtime\defaults\velocity.properties
2017-05-07 15:19:23,083 - Trying to use logger class org.apache.velocity.runtime.log.AvalonLogChute
2017-05-07 15:19:23,083 - Target log system for org.apache.velocity.runtime.log.AvalonLogChute is not available (java.lang.NoClassDefFoundError: org/apache/log/format/Formatter).  Falling back to next log system...
2017-05-07 15:19:23,083 - Trying to use logger class org.apache.velocity.runtime.log.Log4JLogChute
2017-05-07 15:19:23,083 - Using logger class org.apache.velocity.runtime.log.Log4JLogChute
2017-05-07 15:19:23,089 - ResourceLoader instantiated: org.apache.velocity.runtime.resource.loader.ClasspathResourceLoader
2017-05-07 15:19:23,106 - ResourceCache: initialized (class org.apache.velocity.runtime.resource.ResourceCacheImpl) with class java.util.Collections$SynchronizedMap cache map.
2017-05-07 15:19:23,110 - Loaded System Directive: org.apache.velocity.runtime.directive.Stop
2017-05-07 15:19:23,111 - Loaded System Directive: org.apache.velocity.runtime.directive.Define
2017-05-07 15:19:23,112 - Loaded System Directive: org.apache.velocity.runtime.directive.Break
2017-05-07 15:19:23,113 - Loaded System Directive: org.apache.velocity.runtime.directive.Evaluate
2017-05-07 15:19:23,114 - Loaded System Directive: org.apache.velocity.runtime.directive.Literal
2017-05-07 15:19:23,115 - Loaded System Directive: org.apache.velocity.runtime.directive.Macro
2017-05-07 15:19:23,116 - Loaded System Directive: org.apache.velocity.runtime.directive.Parse
2017-05-07 15:19:23,118 - Loaded System Directive: org.apache.velocity.runtime.directive.Include
2017-05-07 15:19:23,120 - Loaded System Directive: org.apache.velocity.runtime.directive.Foreach
2017-05-07 15:19:23,172 - Created '20' parsers.
2017-05-07 15:19:23,180 - Velocimacro : "velocimacro.library" is not set.  Trying default library: VM_global_library.vm
2017-05-07 15:19:23,181 - Could not load resource 'VM_global_library.vm' from ResourceLoader org.apache.velocity.runtime.resource.loader.ClasspathResourceLoader: ClasspathResourceLoader Error: cannot find resource VM_global_library.vm
2017-05-07 15:19:23,181 - Velocimacro : Default library not found.
2017-05-07 15:19:23,181 - Velocimacro : allowInline = true : VMs can be defined inline in templates
2017-05-07 15:19:23,181 - Velocimacro : allowInlineToOverride = false : VMs defined inline may NOT replace previous VM definitions
2017-05-07 15:19:23,181 - Velocimacro : allowInlineLocal = false : VMs defined inline will be global in scope if allowed.
2017-05-07 15:19:23,181 - Velocimacro : autoload off : VM system will not automatically reload global library macros
2017-05-07 15:19:23,200 - ResourceManager : found showAllEmployees.vtl with loader org.apache.velocity.runtime.resource.loader.ClasspathResourceLoader
2017-05-07 15:19:26,953 - Log4JLogChute initialized using file 'velocity.log'
2017-05-07 15:19:26,954 - Initializing Velocity, Calling init()...
2017-05-07 15:19:26,954 - Starting Apache Velocity v1.7 (compiled: 2010-11-19 12:14:37)
2017-05-07 15:19:26,954 - Default Properties File: org\apache\velocity\runtime\defaults\velocity.properties
2017-05-07 15:19:26,954 - Trying to use logger class org.apache.velocity.runtime.log.AvalonLogChute
2017-05-07 15:19:26,954 - Target log system for org.apache.velocity.runtime.log.AvalonLogChute is not available (java.lang.NoClassDefFoundError: org/apache/log/format/Formatter).  Falling back to next log system...
2017-05-07 15:19:26,954 - Trying to use logger class org.apache.velocity.runtime.log.Log4JLogChute
2017-05-07 15:19:26,954 - Using logger class org.apache.velocity.runtime.log.Log4JLogChute
2017-05-07 15:19:26,954 - ResourceLoader instantiated: org.apache.velocity.runtime.resource.loader.ClasspathResourceLoader
2017-05-07 15:19:26,955 - ResourceCache: initialized (class org.apache.velocity.runtime.resource.ResourceCacheImpl) with class java.util.Collections$SynchronizedMap cache map.
2017-05-07 15:19:26,955 - Loaded System Directive: org.apache.velocity.runtime.directive.Stop
2017-05-07 15:19:26,955 - Loaded System Directive: org.apache.velocity.runtime.directive.Define
2017-05-07 15:19:26,955 - Loaded System Directive: org.apache.velocity.runtime.directive.Break
2017-05-07 15:19:26,955 - Loaded System Directive: org.apache.velocity.runtime.directive.Evaluate
2017-05-07 15:19:26,956 - Loaded System Directive: org.apache.velocity.runtime.directive.Literal
2017-05-07 15:19:26,956 - Loaded System Directive: org.apache.velocity.runtime.directive.Macro
2017-05-07 15:19:26,956 - Loaded System Directive: org.apache.velocity.runtime.directive.Parse
2017-05-07 15:19:26,956 - Loaded System Directive: org.apache.velocity.runtime.directive.Include
2017-05-07 15:19:26,956 - Loaded System Directive: org.apache.velocity.runtime.directive.Foreach
2017-05-07 15:19:26,957 - Created '20' parsers.
2017-05-07 15:19:26,957 - Velocimacro : "velocimacro.library" is not set.  Trying default library: VM_global_library.vm
2017-05-07 15:19:26,958 - Could not load resource 'VM_global_library.vm' from ResourceLoader org.apache.velocity.runtime.resource.loader.ClasspathResourceLoader: ClasspathResourceLoader Error: cannot find resource VM_global_library.vm
2017-05-07 15:19:26,958 - Velocimacro : Default library not found.
2017-05-07 15:19:26,958 - Velocimacro : allowInline = true : VMs can be defined inline in templates
2017-05-07 15:19:26,958 - Velocimacro : allowInlineToOverride = false : VMs defined inline may NOT replace previous VM definitions
2017-05-07 15:19:26,958 - Velocimacro : allowInlineLocal = false : VMs defined inline will be global in scope if allowed.
2017-05-07 15:19:26,958 - Velocimacro : autoload off : VM system will not automatically reload global library macros
2017-05-07 15:19:26,960 - ResourceManager : found registrar1.vtl with loader org.apache.velocity.runtime.resource.loader.ClasspathResourceLoader
2017-05-07 15:19:39,835 - ResourceManager : found showAllEmployees.vtl with loader org.apache.velocity.runtime.resource.loader.ClasspathResourceLoader
2017-05-07 15:19:42,068 - Log4JLogChute initialized using file 'velocity.log'
2017-05-07 15:19:42,068 - Initializing Velocity, Calling init()...
2017-05-07 15:19:42,068 - Starting Apache Velocity v1.7 (compiled: 2010-11-19 12:14:37)
2017-05-07 15:19:42,068 - Default Properties File: org\apache\velocity\runtime\defaults\velocity.properties
2017-05-07 15:19:42,068 - Trying to use logger class org.apache.velocity.runtime.log.AvalonLogChute
2017-05-07 15:19:42,068 - Target log system for org.apache.velocity.runtime.log.AvalonLogChute is not available (java.lang.NoClassDefFoundError: org/apache/log/format/Formatter).  Falling back to next log system...
2017-05-07 15:19:42,068 - Trying to use logger class org.apache.velocity.runtime.log.Log4JLogChute
2017-05-07 15:19:42,068 - Using logger class org.apache.velocity.runtime.log.Log4JLogChute
2017-05-07 15:19:42,068 - ResourceLoader instantiated: org.apache.velocity.runtime.resource.loader.ClasspathResourceLoader
2017-05-07 15:19:42,069 - ResourceCache: initialized (class org.apache.velocity.runtime.resource.ResourceCacheImpl) with class java.util.Collections$SynchronizedMap cache map.
2017-05-07 15:19:42,069 - Loaded System Directive: org.apache.velocity.runtime.directive.Stop
2017-05-07 15:19:42,069 - Loaded System Directive: org.apache.velocity.runtime.directive.Define
2017-05-07 15:19:42,070 - Loaded System Directive: org.apache.velocity.runtime.directive.Break
2017-05-07 15:19:42,070 - Loaded System Directive: org.apache.velocity.runtime.directive.Evaluate
2017-05-07 15:19:42,070 - Loaded System Directive: org.apache.velocity.runtime.directive.Literal
2017-05-07 15:19:42,070 - Loaded System Directive: org.apache.velocity.runtime.directive.Macro
2017-05-07 15:19:42,070 - Loaded System Directive: org.apache.velocity.runtime.directive.Parse
2017-05-07 15:19:42,070 - Loaded System Directive: org.apache.velocity.runtime.directive.Include
2017-05-07 15:19:42,071 - Loaded System Directive: org.apache.velocity.runtime.directive.Foreach
2017-05-07 15:19:42,075 - Created '20' parsers.
2017-05-07 15:19:42,075 - Velocimacro : "velocimacro.library" is not set.  Trying default library: VM_global_library.vm
2017-05-07 15:19:42,075 - Could not load resource 'VM_global_library.vm' from ResourceLoader org.apache.velocity.runtime.resource.loader.ClasspathResourceLoader: ClasspathResourceLoader Error: cannot find resource VM_global_library.vm
2017-05-07 15:19:42,075 - Velocimacro : Default library not found.
2017-05-07 15:19:42,076 - Velocimacro : allowInline = true : VMs can be defined inline in templates
2017-05-07 15:19:42,076 - Velocimacro : allowInlineToOverride = false : VMs defined inline may NOT replace previous VM definitions
2017-05-07 15:19:42,076 - Velocimacro : allowInlineLocal = false : VMs defined inline will be global in scope if allowed.
2017-05-07 15:19:42,076 - Velocimacro : autoload off : VM system will not automatically reload global library macros
2017-05-07 15:19:42,080 - ResourceManager : found mostrarUno.vtl with loader org.apache.velocity.runtime.resource.loader.ClasspathResourceLoader
2017-05-07 15:19:42,070 - Loaded System Directive: org.apache.velocity.runtime.directive.Evaluate
2017-05-07 15:19:42,070 - Loaded System Directive: org.apache.velocity.runtime.directive.Evaluate
2017-05-07 15:19:42,070 - Loaded System Directive: org.apache.velocity.runtime.directive.Literal
2017-05-07 15:19:42,070 - Loaded System Directive: org.apache.velocity.runtime.directive.Literal
2017-05-07 15:19:42,070 - Loaded System Directive: org.apache.velocity.runtime.directive.Macro
2017-05-07 15:19:42,070 - Loaded System Directive: org.apache.velocity.runtime.directive.Macro
2017-05-07 15:19:42,070 - Loaded System Directive: org.apache.velocity.runtime.directive.Parse
2017-05-07 15:19:42,070 - Loaded System Directive: org.apache.velocity.runtime.directive.Parse
2017-05-07 15:19:42,070 - Loaded System Directive: org.apache.velocity.runtime.directive.Include
2017-05-07 15:19:42,070 - Loaded System Directive: org.apache.velocity.runtime.directive.Include
2017-05-07 15:19:42,071 - Loaded System Directive: org.apache.velocity.runtime.directive.Foreach
2017-05-07 15:19:42,071 - Loaded System Directive: org.apache.velocity.runtime.directive.Foreach
2017-05-07 15:19:42,075 - Created '20' parsers.
2017-05-07 15:19:42,075 - Created '20' parsers.
2017-05-07 15:19:42,075 - Velocimacro : "velocimacro.library" is not set.  Trying default library: VM_global_library.vm
2017-05-07 15:19:42,075 - Velocimacro : "velocimacro.library" is not set.  Trying default library: VM_global_library.vm
2017-05-07 15:19:42,075 - Could not load resource 'VM_global_library.vm' from ResourceLoader org.apache.velocity.runtime.resource.loader.ClasspathResourceLoader: ClasspathResourceLoader Error: cannot find resource VM_global_library.vm
2017-05-07 15:19:42,075 - Could not load resource 'VM_global_library.vm' from ResourceLoader org.apache.velocity.runtime.resource.loader.ClasspathResourceLoader: ClasspathResourceLoader Error: cannot find resource VM_global_library.vm
2017-05-07 15:19:42,075 - Velocimacro : Default library not found.
2017-05-07 15:19:42,075 - Velocimacro : Default library not found.
2017-05-07 15:19:42,076 - Velocimacro : allowInline = true : VMs can be defined inline in templates
2017-05-07 15:19:42,076 - Velocimacro : allowInline = true : VMs can be defined inline in templates
2017-05-07 15:19:42,076 - Velocimacro : allowInlineToOverride = false : VMs defined inline may NOT replace previous VM definitions
2017-05-07 15:19:42,076 - Velocimacro : allowInlineToOverride = false : VMs defined inline may NOT replace previous VM definitions
2017-05-07 15:19:42,076 - Velocimacro : allowInlineLocal = false : VMs defined inline will be global in scope if allowed.
2017-05-07 15:19:42,076 - Velocimacro : allowInlineLocal = false : VMs defined inline will be global in scope if allowed.
2017-05-07 15:19:42,076 - Velocimacro : autoload off : VM system will not automatically reload global library macros
2017-05-07 15:19:42,076 - Velocimacro : autoload off : VM system will not automatically reload global library macros
2017-05-07 15:19:42,080 - ResourceManager : found mostrarUno.vtl with loader org.apache.velocity.runtime.resource.loader.ClasspathResourceLoader
2017-05-07 15:19:42,080 - ResourceManager : found mostrarUno.vtl with loader org.apache.velocity.runtime.resource.loader.ClasspathResourceLoader
2017-05-07 15:21:17,446 - Log4JLogChute initialized using file 'velocity.log'
2017-05-07 15:21:17,446 - Initializing Velocity, Calling init()...
2017-05-07 15:21:17,446 - Starting Apache Velocity v1.7 (compiled: 2010-11-19 12:14:37)
2017-05-07 15:21:17,446 - Default Properties File: org\apache\velocity\runtime\defaults\velocity.properties
2017-05-07 15:21:17,446 - Trying to use logger class org.apache.velocity.runtime.log.AvalonLogChute
2017-05-07 15:21:17,446 - Target log system for org.apache.velocity.runtime.log.AvalonLogChute is not available (java.lang.NoClassDefFoundError: org/apache/log/format/Formatter).  Falling back to next log system...
2017-05-07 15:21:17,446 - Trying to use logger class org.apache.velocity.runtime.log.Log4JLogChute
2017-05-07 15:21:17,446 - Using logger class org.apache.velocity.runtime.log.Log4JLogChute
2017-05-07 15:21:17,450 - ResourceLoader instantiated: org.apache.velocity.runtime.resource.loader.ClasspathResourceLoader
2017-05-07 15:21:17,461 - ResourceCache: initialized (class org.apache.velocity.runtime.resource.ResourceCacheImpl) with class java.util.Collections$SynchronizedMap cache map.
2017-05-07 15:21:17,462 - Loaded System Directive: org.apache.velocity.runtime.directive.Stop
2017-05-07 15:21:17,463 - Loaded System Directive: org.apache.velocity.runtime.directive.Define
2017-05-07 15:21:17,464 - Loaded System Directive: org.apache.velocity.runtime.directive.Break
2017-05-07 15:21:17,464 - Loaded System Directive: org.apache.velocity.runtime.directive.Evaluate
2017-05-07 15:21:17,465 - Loaded System Directive: org.apache.velocity.runtime.directive.Literal
2017-05-07 15:21:17,466 - Loaded System Directive: org.apache.velocity.runtime.directive.Macro
2017-05-07 15:21:17,467 - Loaded System Directive: org.apache.velocity.runtime.directive.Parse
2017-05-07 15:21:17,468 - Loaded System Directive: org.apache.velocity.runtime.directive.Include
2017-05-07 15:21:17,469 - Loaded System Directive: org.apache.velocity.runtime.directive.Foreach
2017-05-07 15:21:17,520 - Created '20' parsers.
2017-05-07 15:21:17,528 - Velocimacro : "velocimacro.library" is not set.  Trying default library: VM_global_library.vm
2017-05-07 15:21:17,529 - Could not load resource 'VM_global_library.vm' from ResourceLoader org.apache.velocity.runtime.resource.loader.ClasspathResourceLoader: ClasspathResourceLoader Error: cannot find resource VM_global_library.vm
2017-05-07 15:21:17,529 - Velocimacro : Default library not found.
2017-05-07 15:21:17,529 - Velocimacro : allowInline = true : VMs can be defined inline in templates
2017-05-07 15:21:17,529 - Velocimacro : allowInlineToOverride = false : VMs defined inline may NOT replace previous VM definitions
2017-05-07 15:21:17,529 - Velocimacro : allowInlineLocal = false : VMs defined inline will be global in scope if allowed.
2017-05-07 15:21:17,529 - Velocimacro : autoload off : VM system will not automatically reload global library macros
2017-05-07 15:21:17,552 - ResourceManager : found showAllEmployees.vtl with loader org.apache.velocity.runtime.resource.loader.ClasspathResourceLoader
2017-05-07 15:21:20,707 - Log4JLogChute initialized using file 'velocity.log'
2017-05-07 15:21:20,707 - Log4JLogChute initialized using file 'velocity.log'
2017-05-07 15:21:20,707 - Initializing Velocity, Calling init()...
2017-05-07 15:21:20,707 - Initializing Velocity, Calling init()...
2017-05-07 15:21:20,707 - Starting Apache Velocity v1.7 (compiled: 2010-11-19 12:14:37)
2017-05-07 15:21:20,707 - Starting Apache Velocity v1.7 (compiled: 2010-11-19 12:14:37)
2017-05-07 15:21:20,707 - Default Properties File: org\apache\velocity\runtime\defaults\velocity.properties
2017-05-07 15:21:20,707 - Default Properties File: org\apache\velocity\runtime\defaults\velocity.properties
2017-05-07 15:21:20,707 - Trying to use logger class org.apache.velocity.runtime.log.AvalonLogChute
2017-05-07 15:21:20,707 - Trying to use logger class org.apache.velocity.runtime.log.AvalonLogChute
2017-05-07 15:21:20,707 - Target log system for org.apache.velocity.runtime.log.AvalonLogChute is not available (java.lang.NoClassDefFoundError: org/apache/log/format/Formatter).  Falling back to next log system...
2017-05-07 15:21:20,707 - Target log system for org.apache.velocity.runtime.log.AvalonLogChute is not available (java.lang.NoClassDefFoundError: org/apache/log/format/Formatter).  Falling back to next log system...
2017-05-07 15:21:20,707 - Trying to use logger class org.apache.velocity.runtime.log.Log4JLogChute
2017-05-07 15:21:20,707 - Trying to use logger class org.apache.velocity.runtime.log.Log4JLogChute
2017-05-07 15:21:20,707 - Using logger class org.apache.velocity.runtime.log.Log4JLogChute
2017-05-07 15:21:20,707 - Using logger class org.apache.velocity.runtime.log.Log4JLogChute
2017-05-07 15:21:20,707 - ResourceLoader instantiated: org.apache.velocity.runtime.resource.loader.ClasspathResourceLoader
2017-05-07 15:21:20,707 - ResourceLoader instantiated: org.apache.velocity.runtime.resource.loader.ClasspathResourceLoader
2017-05-07 15:21:20,708 - ResourceCache: initialized (class org.apache.velocity.runtime.resource.ResourceCacheImpl) with class java.util.Collections$SynchronizedMap cache map.
2017-05-07 15:21:20,708 - ResourceCache: initialized (class org.apache.velocity.runtime.resource.ResourceCacheImpl) with class java.util.Collections$SynchronizedMap cache map.
2017-05-07 15:21:20,708 - Loaded System Directive: org.apache.velocity.runtime.directive.Stop
2017-05-07 15:21:20,708 - Loaded System Directive: org.apache.velocity.runtime.directive.Stop
2017-05-07 15:21:20,708 - Loaded System Directive: org.apache.velocity.runtime.directive.Define
2017-05-07 15:21:20,708 - Loaded System Directive: org.apache.velocity.runtime.directive.Define
2017-05-07 15:21:20,708 - Loaded System Directive: org.apache.velocity.runtime.directive.Break
2017-05-07 15:21:20,708 - Loaded System Directive: org.apache.velocity.runtime.directive.Break
2017-05-07 15:21:20,708 - Loaded System Directive: org.apache.velocity.runtime.directive.Evaluate
2017-05-07 15:21:20,708 - Loaded System Directive: org.apache.velocity.runtime.directive.Evaluate
2017-05-07 15:21:20,708 - Loaded System Directive: org.apache.velocity.runtime.directive.Literal
2017-05-07 15:21:20,708 - Loaded System Directive: org.apache.velocity.runtime.directive.Literal
2017-05-07 15:21:20,709 - Loaded System Directive: org.apache.velocity.runtime.directive.Macro
2017-05-07 15:21:20,709 - Loaded System Directive: org.apache.velocity.runtime.directive.Macro
2017-05-07 15:21:20,709 - Loaded System Directive: org.apache.velocity.runtime.directive.Parse
2017-05-07 15:21:20,709 - Loaded System Directive: org.apache.velocity.runtime.directive.Parse
2017-05-07 15:21:20,709 - Loaded System Directive: org.apache.velocity.runtime.directive.Include
2017-05-07 15:21:20,709 - Loaded System Directive: org.apache.velocity.runtime.directive.Include
2017-05-07 15:21:20,709 - Loaded System Directive: org.apache.velocity.runtime.directive.Foreach
2017-05-07 15:21:20,709 - Loaded System Directive: org.apache.velocity.runtime.directive.Foreach
2017-05-07 15:21:20,710 - Created '20' parsers.
2017-05-07 15:21:20,710 - Created '20' parsers.
2017-05-07 15:21:20,711 - Velocimacro : "velocimacro.library" is not set.  Trying default library: VM_global_library.vm
2017-05-07 15:21:20,711 - Velocimacro : "velocimacro.library" is not set.  Trying default library: VM_global_library.vm
2017-05-07 15:21:20,711 - Could not load resource 'VM_global_library.vm' from ResourceLoader org.apache.velocity.runtime.resource.loader.ClasspathResourceLoader: ClasspathResourceLoader Error: cannot find resource VM_global_library.vm
2017-05-07 15:21:20,711 - Could not load resource 'VM_global_library.vm' from ResourceLoader org.apache.velocity.runtime.resource.loader.ClasspathResourceLoader: ClasspathResourceLoader Error: cannot find resource VM_global_library.vm
2017-05-07 15:21:20,711 - Velocimacro : Default library not found.
2017-05-07 15:21:20,711 - Velocimacro : Default library not found.
2017-05-07 15:21:20,711 - Velocimacro : allowInline = true : VMs can be defined inline in templates
2017-05-07 15:21:20,711 - Velocimacro : allowInline = true : VMs can be defined inline in templates
2017-05-07 15:21:20,711 - Velocimacro : allowInlineToOverride = false : VMs defined inline may NOT replace previous VM definitions
2017-05-07 15:21:20,711 - Velocimacro : allowInlineToOverride = false : VMs defined inline may NOT replace previous VM definitions
2017-05-07 15:21:20,711 - Velocimacro : allowInlineLocal = false : VMs defined inline will be global in scope if allowed.
2017-05-07 15:21:20,711 - Velocimacro : allowInlineLocal = false : VMs defined inline will be global in scope if allowed.
2017-05-07 15:21:20,711 - Velocimacro : autoload off : VM system will not automatically reload global library macros
2017-05-07 15:21:20,711 - Velocimacro : autoload off : VM system will not automatically reload global library macros
2017-05-07 15:21:20,713 - ResourceManager : found registrar1.vtl with loader org.apache.velocity.runtime.resource.loader.ClasspathResourceLoader
2017-05-07 15:21:20,713 - ResourceManager : found registrar1.vtl with loader org.apache.velocity.runtime.resource.loader.ClasspathResourceLoader
2017-05-07 15:21:32,132 - ResourceManager : found showAllEmployees.vtl with loader org.apache.velocity.runtime.resource.loader.ClasspathResourceLoader
2017-05-07 15:21:32,132 - ResourceManager : found showAllEmployees.vtl with loader org.apache.velocity.runtime.resource.loader.ClasspathResourceLoader
2017-05-07 15:21:34,042 - Log4JLogChute initialized using file 'velocity.log'
2017-05-07 15:21:34,042 - Log4JLogChute initialized using file 'velocity.log'
2017-05-07 15:21:34,042 - Log4JLogChute initialized using file 'velocity.log'
2017-05-07 15:21:34,043 - Initializing Velocity, Calling init()...
2017-05-07 15:21:34,043 - Initializing Velocity, Calling init()...
2017-05-07 15:21:34,043 - Initializing Velocity, Calling init()...
2017-05-07 15:21:34,043 - Starting Apache Velocity v1.7 (compiled: 2010-11-19 12:14:37)
2017-05-07 15:21:34,043 - Starting Apache Velocity v1.7 (compiled: 2010-11-19 12:14:37)
2017-05-07 15:21:34,043 - Starting Apache Velocity v1.7 (compiled: 2010-11-19 12:14:37)
2017-05-07 15:21:34,043 - Default Properties File: org\apache\velocity\runtime\defaults\velocity.properties
2017-05-07 15:21:34,043 - Default Properties File: org\apache\velocity\runtime\defaults\velocity.properties
2017-05-07 15:21:34,043 - Default Properties File: org\apache\velocity\runtime\defaults\velocity.properties
2017-05-07 15:21:34,043 - Trying to use logger class org.apache.velocity.runtime.log.AvalonLogChute
2017-05-07 15:21:34,043 - Trying to use logger class org.apache.velocity.runtime.log.AvalonLogChute
2017-05-07 15:21:34,043 - Trying to use logger class org.apache.velocity.runtime.log.AvalonLogChute
2017-05-07 15:21:34,043 - Target log system for org.apache.velocity.runtime.log.AvalonLogChute is not available (java.lang.NoClassDefFoundError: org/apache/log/format/Formatter).  Falling back to next log system...
2017-05-07 15:21:34,043 - Target log system for org.apache.velocity.runtime.log.AvalonLogChute is not available (java.lang.NoClassDefFoundError: org/apache/log/format/Formatter).  Falling back to next log system...
2017-05-07 15:21:34,043 - Target log system for org.apache.velocity.runtime.log.AvalonLogChute is not available (java.lang.NoClassDefFoundError: org/apache/log/format/Formatter).  Falling back to next log system...
2017-05-07 15:21:34,043 - Trying to use logger class org.apache.velocity.runtime.log.Log4JLogChute
2017-05-07 15:21:34,043 - Trying to use logger class org.apache.velocity.runtime.log.Log4JLogChute
2017-05-07 15:21:34,043 - Trying to use logger class org.apache.velocity.runtime.log.Log4JLogChute
2017-05-07 15:21:34,043 - Using logger class org.apache.velocity.runtime.log.Log4JLogChute
2017-05-07 15:21:34,043 - Using logger class org.apache.velocity.runtime.log.Log4JLogChute
2017-05-07 15:21:34,043 - Using logger class org.apache.velocity.runtime.log.Log4JLogChute
2017-05-07 15:21:34,043 - ResourceLoader instantiated: org.apache.velocity.runtime.resource.loader.ClasspathResourceLoader
2017-05-07 15:21:34,043 - ResourceLoader instantiated: org.apache.velocity.runtime.resource.loader.ClasspathResourceLoader
2017-05-07 15:21:34,043 - ResourceLoader instantiated: org.apache.velocity.runtime.resource.loader.ClasspathResourceLoader
2017-05-07 15:21:34,044 - ResourceCache: initialized (class org.apache.velocity.runtime.resource.ResourceCacheImpl) with class java.util.Collections$SynchronizedMap cache map.
2017-05-07 15:21:34,044 - ResourceCache: initialized (class org.apache.velocity.runtime.resource.ResourceCacheImpl) with class java.util.Collections$SynchronizedMap cache map.
2017-05-07 15:21:34,044 - ResourceCache: initialized (class org.apache.velocity.runtime.resource.ResourceCacheImpl) with class java.util.Collections$SynchronizedMap cache map.
2017-05-07 15:21:34,044 - Loaded System Directive: org.apache.velocity.runtime.directive.Stop
2017-05-07 15:21:34,044 - Loaded System Directive: org.apache.velocity.runtime.directive.Stop
2017-05-07 15:21:34,044 - Loaded System Directive: org.apache.velocity.runtime.directive.Stop
2017-05-07 15:21:34,045 - Loaded System Directive: org.apache.velocity.runtime.directive.Define
2017-05-07 15:21:34,045 - Loaded System Directive: org.apache.velocity.runtime.directive.Define
2017-05-07 15:21:34,045 - Loaded System Directive: org.apache.velocity.runtime.directive.Define
2017-05-07 15:21:34,045 - Loaded System Directive: org.apache.velocity.runtime.directive.Break
2017-05-07 15:21:34,045 - Loaded System Directive: org.apache.velocity.runtime.directive.Break
2017-05-07 15:21:34,045 - Loaded System Directive: org.apache.velocity.runtime.directive.Break
2017-05-07 15:21:34,045 - Loaded System Directive: org.apache.velocity.runtime.directive.Evaluate
2017-05-07 15:21:34,045 - Loaded System Directive: org.apache.velocity.runtime.directive.Evaluate
2017-05-07 15:21:34,045 - Loaded System Directive: org.apache.velocity.runtime.directive.Evaluate
2017-05-07 15:21:34,045 - Loaded System Directive: org.apache.velocity.runtime.directive.Literal
2017-05-07 15:21:34,045 - Loaded System Directive: org.apache.velocity.runtime.directive.Literal
2017-05-07 15:21:34,045 - Loaded System Directive: org.apache.velocity.runtime.directive.Literal
2017-05-07 15:21:34,045 - Loaded System Directive: org.apache.velocity.runtime.directive.Macro
2017-05-07 15:21:34,045 - Loaded System Directive: org.apache.velocity.runtime.directive.Macro
2017-05-07 15:21:34,045 - Loaded System Directive: org.apache.velocity.runtime.directive.Macro
2017-05-07 15:21:34,045 - Loaded System Directive: org.apache.velocity.runtime.directive.Parse
2017-05-07 15:21:34,045 - Loaded System Directive: org.apache.velocity.runtime.directive.Parse
2017-05-07 15:21:34,045 - Loaded System Directive: org.apache.velocity.runtime.directive.Parse
2017-05-07 15:21:34,046 - Loaded System Directive: org.apache.velocity.runtime.directive.Include
2017-05-07 15:21:34,046 - Loaded System Directive: org.apache.velocity.runtime.directive.Include
2017-05-07 15:21:34,046 - Loaded System Directive: org.apache.velocity.runtime.directive.Include
2017-05-07 15:21:34,046 - Loaded System Directive: org.apache.velocity.runtime.directive.Foreach
2017-05-07 15:21:34,046 - Loaded System Directive: org.apache.velocity.runtime.directive.Foreach
2017-05-07 15:21:34,046 - Loaded System Directive: org.apache.velocity.runtime.directive.Foreach
2017-05-07 15:21:34,048 - Created '20' parsers.
2017-05-07 15:21:34,048 - Created '20' parsers.
2017-05-07 15:21:34,048 - Created '20' parsers.
2017-05-07 15:21:34,048 - Velocimacro : "velocimacro.library" is not set.  Trying default library: VM_global_library.vm
2017-05-07 15:21:34,048 - Velocimacro : "velocimacro.library" is not set.  Trying default library: VM_global_library.vm
2017-05-07 15:21:34,048 - Velocimacro : "velocimacro.library" is not set.  Trying default library: VM_global_library.vm
2017-05-07 15:21:34,049 - Could not load resource 'VM_global_library.vm' from ResourceLoader org.apache.velocity.runtime.resource.loader.ClasspathResourceLoader: ClasspathResourceLoader Error: cannot find resource VM_global_library.vm
2017-05-07 15:21:34,049 - Could not load resource 'VM_global_library.vm' from ResourceLoader org.apache.velocity.runtime.resource.loader.ClasspathResourceLoader: ClasspathResourceLoader Error: cannot find resource VM_global_library.vm
2017-05-07 15:21:34,049 - Could not load resource 'VM_global_library.vm' from ResourceLoader org.apache.velocity.runtime.resource.loader.ClasspathResourceLoader: ClasspathResourceLoader Error: cannot find resource VM_global_library.vm
2017-05-07 15:21:34,049 - Velocimacro : Default library not found.
2017-05-07 15:21:34,049 - Velocimacro : Default library not found.
2017-05-07 15:21:34,049 - Velocimacro : Default library not found.
2017-05-07 15:21:34,049 - Velocimacro : allowInline = true : VMs can be defined inline in templates
2017-05-07 15:21:34,049 - Velocimacro : allowInline = true : VMs can be defined inline in templates
2017-05-07 15:21:34,049 - Velocimacro : allowInline = true : VMs can be defined inline in templates
2017-05-07 15:21:34,049 - Velocimacro : allowInlineToOverride = false : VMs defined inline may NOT replace previous VM definitions
2017-05-07 15:21:34,049 - Velocimacro : allowInlineToOverride = false : VMs defined inline may NOT replace previous VM definitions
2017-05-07 15:21:34,049 - Velocimacro : allowInlineToOverride = false : VMs defined inline may NOT replace previous VM definitions
2017-05-07 15:21:34,049 - Velocimacro : allowInlineLocal = false : VMs defined inline will be global in scope if allowed.
2017-05-07 15:21:34,049 - Velocimacro : allowInlineLocal = false : VMs defined inline will be global in scope if allowed.
2017-05-07 15:21:34,049 - Velocimacro : allowInlineLocal = false : VMs defined inline will be global in scope if allowed.
2017-05-07 15:21:34,049 - Velocimacro : autoload off : VM system will not automatically reload global library macros
2017-05-07 15:21:34,049 - Velocimacro : autoload off : VM system will not automatically reload global library macros
2017-05-07 15:21:34,049 - Velocimacro : autoload off : VM system will not automatically reload global library macros
2017-05-07 15:21:34,051 - ResourceManager : found mostrarUno.vtl with loader org.apache.velocity.runtime.resource.loader.ClasspathResourceLoader
2017-05-07 15:21:34,051 - ResourceManager : found mostrarUno.vtl with loader org.apache.velocity.runtime.resource.loader.ClasspathResourceLoader
2017-05-07 15:21:34,051 - ResourceManager : found mostrarUno.vtl with loader org.apache.velocity.runtime.resource.loader.ClasspathResourceLoader
2017-05-07 15:21:45,208 - ResourceManager : found registrar1.vtl with loader org.apache.velocity.runtime.resource.loader.ClasspathResourceLoader
2017-05-07 15:21:45,208 - ResourceManager : found registrar1.vtl with loader org.apache.velocity.runtime.resource.loader.ClasspathResourceLoader
2017-05-07 15:21:45,208 - ResourceManager : found registrar1.vtl with loader org.apache.velocity.runtime.resource.loader.ClasspathResourceLoader
2017-05-07 15:22:02,330 - ResourceManager : found registrar1.vtl with loader org.apache.velocity.runtime.resource.loader.ClasspathResourceLoader
2017-05-07 15:22:02,330 - ResourceManager : found registrar1.vtl with loader org.apache.velocity.runtime.resource.loader.ClasspathResourceLoader
2017-05-07 15:22:02,330 - ResourceManager : found registrar1.vtl with loader org.apache.velocity.runtime.resource.loader.ClasspathResourceLoader
2017-05-07 15:22:26,635 - ResourceManager : found showAllEmployees.vtl with loader org.apache.velocity.runtime.resource.loader.ClasspathResourceLoader
2017-05-07 15:22:26,635 - ResourceManager : found showAllEmployees.vtl with loader org.apache.velocity.runtime.resource.loader.ClasspathResourceLoader
2017-05-07 15:22:26,635 - ResourceManager : found showAllEmployees.vtl with loader org.apache.velocity.runtime.resource.loader.ClasspathResourceLoader
2017-05-07 15:22:28,066 - ResourceManager : found mostrarUno.vtl with loader org.apache.velocity.runtime.resource.loader.ClasspathResourceLoader
2017-05-07 15:22:28,066 - ResourceManager : found mostrarUno.vtl with loader org.apache.velocity.runtime.resource.loader.ClasspathResourceLoader
2017-05-07 15:22:28,066 - ResourceManager : found mostrarUno.vtl with loader org.apache.velocity.runtime.resource.loader.ClasspathResourceLoader
2017-05-07 15:22:30,378 - ResourceManager : found mostrarUno.vtl with loader org.apache.velocity.runtime.resource.loader.ClasspathResourceLoader
2017-05-07 15:22:30,378 - ResourceManager : found mostrarUno.vtl with loader org.apache.velocity.runtime.resource.loader.ClasspathResourceLoader
2017-05-07 15:22:30,378 - ResourceManager : found mostrarUno.vtl with loader org.apache.velocity.runtime.resource.loader.ClasspathResourceLoader
2017-05-07 15:22:34,983 - ResourceManager : found mostrarUno.vtl with loader org.apache.velocity.runtime.resource.loader.ClasspathResourceLoader
2017-05-07 15:22:34,983 - ResourceManager : found mostrarUno.vtl with loader org.apache.velocity.runtime.resource.loader.ClasspathResourceLoader
2017-05-07 15:22:34,983 - ResourceManager : found mostrarUno.vtl with loader org.apache.velocity.runtime.resource.loader.ClasspathResourceLoader
2017-05-07 15:22:37,463 - ResourceManager : found mostrarUno.vtl with loader org.apache.velocity.runtime.resource.loader.ClasspathResourceLoader
2017-05-07 15:22:37,463 - ResourceManager : found mostrarUno.vtl with loader org.apache.velocity.runtime.resource.loader.ClasspathResourceLoader
2017-05-07 15:22:37,463 - ResourceManager : found mostrarUno.vtl with loader org.apache.velocity.runtime.resource.loader.ClasspathResourceLoader
2017-05-07 15:22:43,070 - ResourceManager : found showAllEmployees.vtl with loader org.apache.velocity.runtime.resource.loader.ClasspathResourceLoader
2017-05-07 15:22:43,070 - ResourceManager : found showAllEmployees.vtl with loader org.apache.velocity.runtime.resource.loader.ClasspathResourceLoader
2017-05-07 15:22:43,070 - ResourceManager : found showAllEmployees.vtl with loader org.apache.velocity.runtime.resource.loader.ClasspathResourceLoader
2017-05-07 15:22:44,171 - ResourceManager : found mostrarUno.vtl with loader org.apache.velocity.runtime.resource.loader.ClasspathResourceLoader
2017-05-07 15:22:44,171 - ResourceManager : found mostrarUno.vtl with loader org.apache.velocity.runtime.resource.loader.ClasspathResourceLoader
2017-05-07 15:22:44,171 - ResourceManager : found mostrarUno.vtl with loader org.apache.velocity.runtime.resource.loader.ClasspathResourceLoader
2017-05-07 15:22:47,434 - ResourceManager : found mostrarUno.vtl with loader org.apache.velocity.runtime.resource.loader.ClasspathResourceLoader
2017-05-07 15:22:47,434 - ResourceManager : found mostrarUno.vtl with loader org.apache.velocity.runtime.resource.loader.ClasspathResourceLoader
2017-05-07 15:22:47,434 - ResourceManager : found mostrarUno.vtl with loader org.apache.velocity.runtime.resource.loader.ClasspathResourceLoader
2017-05-07 15:22:50,572 - ResourceManager : found mostrarUno.vtl with loader org.apache.velocity.runtime.resource.loader.ClasspathResourceLoader
2017-05-07 15:22:50,572 - ResourceManager : found mostrarUno.vtl with loader org.apache.velocity.runtime.resource.loader.ClasspathResourceLoader
2017-05-07 15:22:50,572 - ResourceManager : found mostrarUno.vtl with loader org.apache.velocity.runtime.resource.loader.ClasspathResourceLoader
2017-05-07 15:24:45,020 - Log4JLogChute initialized using file 'velocity.log'
2017-05-07 15:24:45,020 - Initializing Velocity, Calling init()...
2017-05-07 15:24:45,020 - Starting Apache Velocity v1.7 (compiled: 2010-11-19 12:14:37)
2017-05-07 15:24:45,020 - Default Properties File: org\apache\velocity\runtime\defaults\velocity.properties
2017-05-07 15:24:45,020 - Trying to use logger class org.apache.velocity.runtime.log.AvalonLogChute
2017-05-07 15:24:45,020 - Target log system for org.apache.velocity.runtime.log.AvalonLogChute is not available (java.lang.NoClassDefFoundError: org/apache/log/format/Formatter).  Falling back to next log system...
2017-05-07 15:24:45,020 - Trying to use logger class org.apache.velocity.runtime.log.Log4JLogChute
2017-05-07 15:24:45,020 - Using logger class org.apache.velocity.runtime.log.Log4JLogChute
2017-05-07 15:24:45,024 - ResourceLoader instantiated: org.apache.velocity.runtime.resource.loader.ClasspathResourceLoader
2017-05-07 15:24:45,036 - ResourceCache: initialized (class org.apache.velocity.runtime.resource.ResourceCacheImpl) with class java.util.Collections$SynchronizedMap cache map.
2017-05-07 15:24:45,037 - Loaded System Directive: org.apache.velocity.runtime.directive.Stop
2017-05-07 15:24:45,038 - Loaded System Directive: org.apache.velocity.runtime.directive.Define
2017-05-07 15:24:45,039 - Loaded System Directive: org.apache.velocity.runtime.directive.Break
2017-05-07 15:24:45,040 - Loaded System Directive: org.apache.velocity.runtime.directive.Evaluate
2017-05-07 15:24:45,041 - Loaded System Directive: org.apache.velocity.runtime.directive.Literal
2017-05-07 15:24:45,042 - Loaded System Directive: org.apache.velocity.runtime.directive.Macro
2017-05-07 15:24:45,044 - Loaded System Directive: org.apache.velocity.runtime.directive.Parse
2017-05-07 15:24:45,045 - Loaded System Directive: org.apache.velocity.runtime.directive.Include
2017-05-07 15:24:45,046 - Loaded System Directive: org.apache.velocity.runtime.directive.Foreach
2017-05-07 15:24:45,082 - Created '20' parsers.
2017-05-07 15:24:45,087 - Velocimacro : "velocimacro.library" is not set.  Trying default library: VM_global_library.vm
2017-05-07 15:24:45,087 - Could not load resource 'VM_global_library.vm' from ResourceLoader org.apache.velocity.runtime.resource.loader.ClasspathResourceLoader: ClasspathResourceLoader Error: cannot find resource VM_global_library.vm
2017-05-07 15:24:45,087 - Velocimacro : Default library not found.
2017-05-07 15:24:45,087 - Velocimacro : allowInline = true : VMs can be defined inline in templates
2017-05-07 15:24:45,088 - Velocimacro : allowInlineToOverride = false : VMs defined inline may NOT replace previous VM definitions
2017-05-07 15:24:45,088 - Velocimacro : allowInlineLocal = false : VMs defined inline will be global in scope if allowed.
2017-05-07 15:24:45,088 - Velocimacro : autoload off : VM system will not automatically reload global library macros
2017-05-07 15:24:45,103 - ResourceManager : found showAllEmployees.vtl with loader org.apache.velocity.runtime.resource.loader.ClasspathResourceLoader
2017-05-07 15:24:49,213 - Log4JLogChute initialized using file 'velocity.log'
2017-05-07 15:24:49,213 - Log4JLogChute initialized using file 'velocity.log'
2017-05-07 15:24:49,214 - Initializing Velocity, Calling init()...
2017-05-07 15:24:49,214 - Initializing Velocity, Calling init()...
2017-05-07 15:24:49,214 - Starting Apache Velocity v1.7 (compiled: 2010-11-19 12:14:37)
2017-05-07 15:24:49,214 - Starting Apache Velocity v1.7 (compiled: 2010-11-19 12:14:37)
2017-05-07 15:24:49,214 - Default Properties File: org\apache\velocity\runtime\defaults\velocity.properties
2017-05-07 15:24:49,214 - Default Properties File: org\apache\velocity\runtime\defaults\velocity.properties
2017-05-07 15:24:49,214 - Trying to use logger class org.apache.velocity.runtime.log.AvalonLogChute
2017-05-07 15:24:49,214 - Trying to use logger class org.apache.velocity.runtime.log.AvalonLogChute
2017-05-07 15:24:49,214 - Target log system for org.apache.velocity.runtime.log.AvalonLogChute is not available (java.lang.NoClassDefFoundError: org/apache/log/format/Formatter).  Falling back to next log system...
2017-05-07 15:24:49,214 - Target log system for org.apache.velocity.runtime.log.AvalonLogChute is not available (java.lang.NoClassDefFoundError: org/apache/log/format/Formatter).  Falling back to next log system...
2017-05-07 15:24:49,214 - Trying to use logger class org.apache.velocity.runtime.log.Log4JLogChute
2017-05-07 15:24:49,214 - Trying to use logger class org.apache.velocity.runtime.log.Log4JLogChute
2017-05-07 15:24:49,214 - Using logger class org.apache.velocity.runtime.log.Log4JLogChute
2017-05-07 15:24:49,214 - Using logger class org.apache.velocity.runtime.log.Log4JLogChute
2017-05-07 15:24:49,215 - ResourceLoader instantiated: org.apache.velocity.runtime.resource.loader.ClasspathResourceLoader
2017-05-07 15:24:49,215 - ResourceLoader instantiated: org.apache.velocity.runtime.resource.loader.ClasspathResourceLoader
2017-05-07 15:24:49,215 - ResourceCache: initialized (class org.apache.velocity.runtime.resource.ResourceCacheImpl) with class java.util.Collections$SynchronizedMap cache map.
2017-05-07 15:24:49,215 - ResourceCache: initialized (class org.apache.velocity.runtime.resource.ResourceCacheImpl) with class java.util.Collections$SynchronizedMap cache map.
2017-05-07 15:24:49,216 - Loaded System Directive: org.apache.velocity.runtime.directive.Stop
2017-05-07 15:24:49,216 - Loaded System Directive: org.apache.velocity.runtime.directive.Stop
2017-05-07 15:24:49,216 - Loaded System Directive: org.apache.velocity.runtime.directive.Define
2017-05-07 15:24:49,216 - Loaded System Directive: org.apache.velocity.runtime.directive.Define
2017-05-07 15:24:49,216 - Loaded System Directive: org.apache.velocity.runtime.directive.Break
2017-05-07 15:24:49,216 - Loaded System Directive: org.apache.velocity.runtime.directive.Break
2017-05-07 15:24:49,216 - Loaded System Directive: org.apache.velocity.runtime.directive.Evaluate
2017-05-07 15:24:49,216 - Loaded System Directive: org.apache.velocity.runtime.directive.Evaluate
2017-05-07 15:24:49,216 - Loaded System Directive: org.apache.velocity.runtime.directive.Literal
2017-05-07 15:24:49,216 - Loaded System Directive: org.apache.velocity.runtime.directive.Literal
2017-05-07 15:24:49,216 - Loaded System Directive: org.apache.velocity.runtime.directive.Macro
2017-05-07 15:24:49,216 - Loaded System Directive: org.apache.velocity.runtime.directive.Macro
2017-05-07 15:24:49,216 - Loaded System Directive: org.apache.velocity.runtime.directive.Parse
2017-05-07 15:24:49,216 - Loaded System Directive: org.apache.velocity.runtime.directive.Parse
2017-05-07 15:24:49,216 - Loaded System Directive: org.apache.velocity.runtime.directive.Include
2017-05-07 15:24:49,216 - Loaded System Directive: org.apache.velocity.runtime.directive.Include
2017-05-07 15:24:49,217 - Loaded System Directive: org.apache.velocity.runtime.directive.Foreach
2017-05-07 15:24:49,217 - Loaded System Directive: org.apache.velocity.runtime.directive.Foreach
2017-05-07 15:24:49,218 - Created '20' parsers.
2017-05-07 15:24:49,218 - Created '20' parsers.
2017-05-07 15:24:49,219 - Velocimacro : "velocimacro.library" is not set.  Trying default library: VM_global_library.vm
2017-05-07 15:24:49,219 - Velocimacro : "velocimacro.library" is not set.  Trying default library: VM_global_library.vm
2017-05-07 15:24:49,219 - Could not load resource 'VM_global_library.vm' from ResourceLoader org.apache.velocity.runtime.resource.loader.ClasspathResourceLoader: ClasspathResourceLoader Error: cannot find resource VM_global_library.vm
2017-05-07 15:24:49,219 - Could not load resource 'VM_global_library.vm' from ResourceLoader org.apache.velocity.runtime.resource.loader.ClasspathResourceLoader: ClasspathResourceLoader Error: cannot find resource VM_global_library.vm
2017-05-07 15:24:49,220 - Velocimacro : Default library not found.
2017-05-07 15:24:49,220 - Velocimacro : Default library not found.
2017-05-07 15:24:49,220 - Velocimacro : allowInline = true : VMs can be defined inline in templates
2017-05-07 15:24:49,220 - Velocimacro : allowInline = true : VMs can be defined inline in templates
2017-05-07 15:24:49,220 - Velocimacro : allowInlineToOverride = false : VMs defined inline may NOT replace previous VM definitions
2017-05-07 15:24:49,220 - Velocimacro : allowInlineToOverride = false : VMs defined inline may NOT replace previous VM definitions
2017-05-07 15:24:49,220 - Velocimacro : allowInlineLocal = false : VMs defined inline will be global in scope if allowed.
2017-05-07 15:24:49,220 - Velocimacro : allowInlineLocal = false : VMs defined inline will be global in scope if allowed.
2017-05-07 15:24:49,220 - Velocimacro : autoload off : VM system will not automatically reload global library macros
2017-05-07 15:24:49,220 - Velocimacro : autoload off : VM system will not automatically reload global library macros
2017-05-07 15:24:49,222 - ResourceManager : found registrar1.vtl with loader org.apache.velocity.runtime.resource.loader.ClasspathResourceLoader
2017-05-07 15:24:49,222 - ResourceManager : found registrar1.vtl with loader org.apache.velocity.runtime.resource.loader.ClasspathResourceLoader
2017-05-07 15:25:00,028 - ResourceManager : found registrar1.vtl with loader org.apache.velocity.runtime.resource.loader.ClasspathResourceLoader
2017-05-07 15:25:00,028 - ResourceManager : found registrar1.vtl with loader org.apache.velocity.runtime.resource.loader.ClasspathResourceLoader
2017-05-07 15:25:09,720 - ResourceManager : found registrar1.vtl with loader org.apache.velocity.runtime.resource.loader.ClasspathResourceLoader
2017-05-07 15:25:09,720 - ResourceManager : found registrar1.vtl with loader org.apache.velocity.runtime.resource.loader.ClasspathResourceLoader
2017-05-07 15:25:21,050 - ResourceManager : found showAllEmployees.vtl with loader org.apache.velocity.runtime.resource.loader.ClasspathResourceLoader
2017-05-07 15:25:21,050 - ResourceManager : found showAllEmployees.vtl with loader org.apache.velocity.runtime.resource.loader.ClasspathResourceLoader
2017-05-07 15:25:22,086 - Log4JLogChute initialized using file 'velocity.log'
2017-05-07 15:25:22,086 - Log4JLogChute initialized using file 'velocity.log'
2017-05-07 15:25:22,086 - Log4JLogChute initialized using file 'velocity.log'
2017-05-07 15:25:22,086 - Initializing Velocity, Calling init()...
2017-05-07 15:25:22,086 - Initializing Velocity, Calling init()...
2017-05-07 15:25:22,086 - Initializing Velocity, Calling init()...
2017-05-07 15:25:22,086 - Starting Apache Velocity v1.7 (compiled: 2010-11-19 12:14:37)
2017-05-07 15:25:22,086 - Starting Apache Velocity v1.7 (compiled: 2010-11-19 12:14:37)
2017-05-07 15:25:22,086 - Starting Apache Velocity v1.7 (compiled: 2010-11-19 12:14:37)
2017-05-07 15:25:22,086 - Default Properties File: org\apache\velocity\runtime\defaults\velocity.properties
2017-05-07 15:25:22,086 - Default Properties File: org\apache\velocity\runtime\defaults\velocity.properties
2017-05-07 15:25:22,086 - Default Properties File: org\apache\velocity\runtime\defaults\velocity.properties
2017-05-07 15:25:22,086 - Trying to use logger class org.apache.velocity.runtime.log.AvalonLogChute
2017-05-07 15:25:22,086 - Trying to use logger class org.apache.velocity.runtime.log.AvalonLogChute
2017-05-07 15:25:22,086 - Trying to use logger class org.apache.velocity.runtime.log.AvalonLogChute
2017-05-07 15:25:22,086 - Target log system for org.apache.velocity.runtime.log.AvalonLogChute is not available (java.lang.NoClassDefFoundError: org/apache/log/format/Formatter).  Falling back to next log system...
2017-05-07 15:25:22,086 - Target log system for org.apache.velocity.runtime.log.AvalonLogChute is not available (java.lang.NoClassDefFoundError: org/apache/log/format/Formatter).  Falling back to next log system...
2017-05-07 15:25:22,086 - Target log system for org.apache.velocity.runtime.log.AvalonLogChute is not available (java.lang.NoClassDefFoundError: org/apache/log/format/Formatter).  Falling back to next log system...
2017-05-07 15:25:22,086 - Trying to use logger class org.apache.velocity.runtime.log.Log4JLogChute
2017-05-07 15:25:22,086 - Trying to use logger class org.apache.velocity.runtime.log.Log4JLogChute
2017-05-07 15:25:22,086 - Trying to use logger class org.apache.velocity.runtime.log.Log4JLogChute
2017-05-07 15:25:22,086 - Using logger class org.apache.velocity.runtime.log.Log4JLogChute
2017-05-07 15:25:22,086 - Using logger class org.apache.velocity.runtime.log.Log4JLogChute
2017-05-07 15:25:22,086 - Using logger class org.apache.velocity.runtime.log.Log4JLogChute
2017-05-07 15:25:22,087 - ResourceLoader instantiated: org.apache.velocity.runtime.resource.loader.ClasspathResourceLoader
2017-05-07 15:25:22,087 - ResourceLoader instantiated: org.apache.velocity.runtime.resource.loader.ClasspathResourceLoader
2017-05-07 15:25:22,087 - ResourceLoader instantiated: org.apache.velocity.runtime.resource.loader.ClasspathResourceLoader
2017-05-07 15:25:22,087 - ResourceCache: initialized (class org.apache.velocity.runtime.resource.ResourceCacheImpl) with class java.util.Collections$SynchronizedMap cache map.
2017-05-07 15:25:22,087 - ResourceCache: initialized (class org.apache.velocity.runtime.resource.ResourceCacheImpl) with class java.util.Collections$SynchronizedMap cache map.
2017-05-07 15:25:22,087 - ResourceCache: initialized (class org.apache.velocity.runtime.resource.ResourceCacheImpl) with class java.util.Collections$SynchronizedMap cache map.
2017-05-07 15:25:22,088 - Loaded System Directive: org.apache.velocity.runtime.directive.Stop
2017-05-07 15:25:22,088 - Loaded System Directive: org.apache.velocity.runtime.directive.Stop
2017-05-07 15:25:22,088 - Loaded System Directive: org.apache.velocity.runtime.directive.Stop
2017-05-07 15:25:22,088 - Loaded System Directive: org.apache.velocity.runtime.directive.Define
2017-05-07 15:25:22,088 - Loaded System Directive: org.apache.velocity.runtime.directive.Define
2017-05-07 15:25:22,088 - Loaded System Directive: org.apache.velocity.runtime.directive.Define
2017-05-07 15:25:22,088 - Loaded System Directive: org.apache.velocity.runtime.directive.Break
2017-05-07 15:25:22,088 - Loaded System Directive: org.apache.velocity.runtime.directive.Break
2017-05-07 15:25:22,088 - Loaded System Directive: org.apache.velocity.runtime.directive.Break
2017-05-07 15:25:22,088 - Loaded System Directive: org.apache.velocity.runtime.directive.Evaluate
2017-05-07 15:25:22,088 - Loaded System Directive: org.apache.velocity.runtime.directive.Evaluate
2017-05-07 15:25:22,088 - Loaded System Directive: org.apache.velocity.runtime.directive.Evaluate
2017-05-07 15:25:22,089 - Loaded System Directive: org.apache.velocity.runtime.directive.Literal
2017-05-07 15:25:22,089 - Loaded System Directive: org.apache.velocity.runtime.directive.Literal
2017-05-07 15:25:22,089 - Loaded System Directive: org.apache.velocity.runtime.directive.Literal
2017-05-07 15:25:22,089 - Loaded System Directive: org.apache.velocity.runtime.directive.Macro
2017-05-07 15:25:22,089 - Loaded System Directive: org.apache.velocity.runtime.directive.Macro
2017-05-07 15:25:22,089 - Loaded System Directive: org.apache.velocity.runtime.directive.Macro
2017-05-07 15:25:22,089 - Loaded System Directive: org.apache.velocity.runtime.directive.Parse
2017-05-07 15:25:22,089 - Loaded System Directive: org.apache.velocity.runtime.directive.Parse
2017-05-07 15:25:22,089 - Loaded System Directive: org.apache.velocity.runtime.directive.Parse
2017-05-07 15:25:22,089 - Loaded System Directive: org.apache.velocity.runtime.directive.Include
2017-05-07 15:25:22,089 - Loaded System Directive: org.apache.velocity.runtime.directive.Include
2017-05-07 15:25:22,089 - Loaded System Directive: org.apache.velocity.runtime.directive.Include
2017-05-07 15:25:22,090 - Loaded System Directive: org.apache.velocity.runtime.directive.Foreach
2017-05-07 15:25:22,090 - Loaded System Directive: org.apache.velocity.runtime.directive.Foreach
2017-05-07 15:25:22,090 - Loaded System Directive: org.apache.velocity.runtime.directive.Foreach
2017-05-07 15:25:22,091 - Created '20' parsers.
2017-05-07 15:25:22,091 - Created '20' parsers.
2017-05-07 15:25:22,091 - Created '20' parsers.
2017-05-07 15:25:22,091 - Velocimacro : "velocimacro.library" is not set.  Trying default library: VM_global_library.vm
2017-05-07 15:25:22,091 - Velocimacro : "velocimacro.library" is not set.  Trying default library: VM_global_library.vm
2017-05-07 15:25:22,091 - Velocimacro : "velocimacro.library" is not set.  Trying default library: VM_global_library.vm
2017-05-07 15:25:22,092 - Could not load resource 'VM_global_library.vm' from ResourceLoader org.apache.velocity.runtime.resource.loader.ClasspathResourceLoader: ClasspathResourceLoader Error: cannot find resource VM_global_library.vm
2017-05-07 15:25:22,092 - Could not load resource 'VM_global_library.vm' from ResourceLoader org.apache.velocity.runtime.resource.loader.ClasspathResourceLoader: ClasspathResourceLoader Error: cannot find resource VM_global_library.vm
2017-05-07 15:25:22,092 - Could not load resource 'VM_global_library.vm' from ResourceLoader org.apache.velocity.runtime.resource.loader.ClasspathResourceLoader: ClasspathResourceLoader Error: cannot find resource VM_global_library.vm
2017-05-07 15:25:22,092 - Velocimacro : Default library not found.
2017-05-07 15:25:22,092 - Velocimacro : Default library not found.
2017-05-07 15:25:22,092 - Velocimacro : Default library not found.
2017-05-07 15:25:22,093 - Velocimacro : allowInline = true : VMs can be defined inline in templates
2017-05-07 15:25:22,093 - Velocimacro : allowInline = true : VMs can be defined inline in templates
2017-05-07 15:25:22,093 - Velocimacro : allowInline = true : VMs can be defined inline in templates
2017-05-07 15:25:22,093 - Velocimacro : allowInlineToOverride = false : VMs defined inline may NOT replace previous VM definitions
2017-05-07 15:25:22,093 - Velocimacro : allowInlineToOverride = false : VMs defined inline may NOT replace previous VM definitions
2017-05-07 15:25:22,093 - Velocimacro : allowInlineToOverride = false : VMs defined inline may NOT replace previous VM definitions
2017-05-07 15:25:22,093 - Velocimacro : allowInlineLocal = false : VMs defined inline will be global in scope if allowed.
2017-05-07 15:25:22,093 - Velocimacro : allowInlineLocal = false : VMs defined inline will be global in scope if allowed.
2017-05-07 15:25:22,093 - Velocimacro : allowInlineLocal = false : VMs defined inline will be global in scope if allowed.
2017-05-07 15:25:22,093 - Velocimacro : autoload off : VM system will not automatically reload global library macros
2017-05-07 15:25:22,093 - Velocimacro : autoload off : VM system will not automatically reload global library macros
2017-05-07 15:25:22,093 - Velocimacro : autoload off : VM system will not automatically reload global library macros
2017-05-07 15:25:22,094 - ResourceManager : found mostrarUno.vtl with loader org.apache.velocity.runtime.resource.loader.ClasspathResourceLoader
2017-05-07 15:25:22,094 - ResourceManager : found mostrarUno.vtl with loader org.apache.velocity.runtime.resource.loader.ClasspathResourceLoader
2017-05-07 15:25:22,094 - ResourceManager : found mostrarUno.vtl with loader org.apache.velocity.runtime.resource.loader.ClasspathResourceLoader
2017-05-07 15:25:27,931 - ResourceManager : found mostrarUno.vtl with loader org.apache.velocity.runtime.resource.loader.ClasspathResourceLoader
2017-05-07 15:25:27,931 - ResourceManager : found mostrarUno.vtl with loader org.apache.velocity.runtime.resource.loader.ClasspathResourceLoader
2017-05-07 15:25:27,931 - ResourceManager : found mostrarUno.vtl with loader org.apache.velocity.runtime.resource.loader.ClasspathResourceLoader
2017-05-07 15:26:06,088 - Log4JLogChute initialized using file 'velocity.log'
2017-05-07 15:26:06,088 - Initializing Velocity, Calling init()...
2017-05-07 15:26:06,088 - Starting Apache Velocity v1.7 (compiled: 2010-11-19 12:14:37)
2017-05-07 15:26:06,088 - Default Properties File: org\apache\velocity\runtime\defaults\velocity.properties
2017-05-07 15:26:06,088 - Trying to use logger class org.apache.velocity.runtime.log.AvalonLogChute
2017-05-07 15:26:06,088 - Target log system for org.apache.velocity.runtime.log.AvalonLogChute is not available (java.lang.NoClassDefFoundError: org/apache/log/format/Formatter).  Falling back to next log system...
2017-05-07 15:26:06,088 - Trying to use logger class org.apache.velocity.runtime.log.Log4JLogChute
2017-05-07 15:26:06,088 - Using logger class org.apache.velocity.runtime.log.Log4JLogChute
2017-05-07 15:26:06,092 - ResourceLoader instantiated: org.apache.velocity.runtime.resource.loader.ClasspathResourceLoader
2017-05-07 15:26:06,107 - ResourceCache: initialized (class org.apache.velocity.runtime.resource.ResourceCacheImpl) with class java.util.Collections$SynchronizedMap cache map.
2017-05-07 15:26:06,108 - Loaded System Directive: org.apache.velocity.runtime.directive.Stop
2017-05-07 15:26:06,109 - Loaded System Directive: org.apache.velocity.runtime.directive.Define
2017-05-07 15:26:06,110 - Loaded System Directive: org.apache.velocity.runtime.directive.Break
2017-05-07 15:26:06,111 - Loaded System Directive: org.apache.velocity.runtime.directive.Evaluate
2017-05-07 15:26:06,112 - Loaded System Directive: org.apache.velocity.runtime.directive.Literal
2017-05-07 15:26:06,113 - Loaded System Directive: org.apache.velocity.runtime.directive.Macro
2017-05-07 15:26:06,114 - Loaded System Directive: org.apache.velocity.runtime.directive.Parse
2017-05-07 15:26:06,115 - Loaded System Directive: org.apache.velocity.runtime.directive.Include
2017-05-07 15:26:06,116 - Loaded System Directive: org.apache.velocity.runtime.directive.Foreach
2017-05-07 15:26:06,154 - Created '20' parsers.
2017-05-07 15:26:06,159 - Velocimacro : "velocimacro.library" is not set.  Trying default library: VM_global_library.vm
2017-05-07 15:26:06,160 - Could not load resource 'VM_global_library.vm' from ResourceLoader org.apache.velocity.runtime.resource.loader.ClasspathResourceLoader: ClasspathResourceLoader Error: cannot find resource VM_global_library.vm
2017-05-07 15:26:06,160 - Velocimacro : Default library not found.
2017-05-07 15:26:06,160 - Velocimacro : allowInline = true : VMs can be defined inline in templates
2017-05-07 15:26:06,160 - Velocimacro : allowInlineToOverride = false : VMs defined inline may NOT replace previous VM definitions
2017-05-07 15:26:06,160 - Velocimacro : allowInlineLocal = false : VMs defined inline will be global in scope if allowed.
2017-05-07 15:26:06,160 - Velocimacro : autoload off : VM system will not automatically reload global library macros
2017-05-07 15:26:06,167 - ResourceManager : found mainPage.vtl with loader org.apache.velocity.runtime.resource.loader.ClasspathResourceLoader
2017-05-07 15:26:15,253 - Log4JLogChute initialized using file 'velocity.log'
2017-05-07 15:26:15,254 - Initializing Velocity, Calling init()...
2017-05-07 15:26:15,254 - Starting Apache Velocity v1.7 (compiled: 2010-11-19 12:14:37)
2017-05-07 15:26:15,254 - Default Properties File: org\apache\velocity\runtime\defaults\velocity.properties
2017-05-07 15:26:15,254 - Trying to use logger class org.apache.velocity.runtime.log.AvalonLogChute
2017-05-07 15:26:15,254 - Target log system for org.apache.velocity.runtime.log.AvalonLogChute is not available (java.lang.NoClassDefFoundError: org/apache/log/format/Formatter).  Falling back to next log system...
2017-05-07 15:26:15,254 - Trying to use logger class org.apache.velocity.runtime.log.Log4JLogChute
2017-05-07 15:26:15,254 - Using logger class org.apache.velocity.runtime.log.Log4JLogChute
2017-05-07 15:26:15,259 - ResourceLoader instantiated: org.apache.velocity.runtime.resource.loader.ClasspathResourceLoader
2017-05-07 15:26:15,271 - ResourceCache: initialized (class org.apache.velocity.runtime.resource.ResourceCacheImpl) with class java.util.Collections$SynchronizedMap cache map.
2017-05-07 15:26:15,273 - Loaded System Directive: org.apache.velocity.runtime.directive.Stop
2017-05-07 15:26:15,275 - Loaded System Directive: org.apache.velocity.runtime.directive.Define
2017-05-07 15:26:15,276 - Loaded System Directive: org.apache.velocity.runtime.directive.Break
2017-05-07 15:26:15,277 - Loaded System Directive: org.apache.velocity.runtime.directive.Evaluate
2017-05-07 15:26:15,278 - Loaded System Directive: org.apache.velocity.runtime.directive.Literal
2017-05-07 15:26:15,279 - Loaded System Directive: org.apache.velocity.runtime.directive.Macro
2017-05-07 15:26:15,280 - Loaded System Directive: org.apache.velocity.runtime.directive.Parse
2017-05-07 15:26:15,282 - Loaded System Directive: org.apache.velocity.runtime.directive.Include
2017-05-07 15:26:15,283 - Loaded System Directive: org.apache.velocity.runtime.directive.Foreach
2017-05-07 15:26:15,325 - Created '20' parsers.
2017-05-07 15:26:15,332 - Velocimacro : "velocimacro.library" is not set.  Trying default library: VM_global_library.vm
2017-05-07 15:26:15,333 - Could not load resource 'VM_global_library.vm' from ResourceLoader org.apache.velocity.runtime.resource.loader.ClasspathResourceLoader: ClasspathResourceLoader Error: cannot find resource VM_global_library.vm
2017-05-07 15:26:15,333 - Velocimacro : Default library not found.
2017-05-07 15:26:15,333 - Velocimacro : allowInline = true : VMs can be defined inline in templates
2017-05-07 15:26:15,333 - Velocimacro : allowInlineToOverride = false : VMs defined inline may NOT replace previous VM definitions
2017-05-07 15:26:15,333 - Velocimacro : allowInlineLocal = false : VMs defined inline will be global in scope if allowed.
2017-05-07 15:26:15,333 - Velocimacro : autoload off : VM system will not automatically reload global library macros
2017-05-07 15:26:15,344 - ResourceManager : found mainPage.vtl with loader org.apache.velocity.runtime.resource.loader.ClasspathResourceLoader
2017-05-07 15:26:21,066 - Log4JLogChute initialized using file 'velocity.log'
2017-05-07 15:26:21,066 - Log4JLogChute initialized using file 'velocity.log'
2017-05-07 15:26:21,066 - Initializing Velocity, Calling init()...
2017-05-07 15:26:21,066 - Initializing Velocity, Calling init()...
2017-05-07 15:26:21,066 - Starting Apache Velocity v1.7 (compiled: 2010-11-19 12:14:37)
2017-05-07 15:26:21,066 - Starting Apache Velocity v1.7 (compiled: 2010-11-19 12:14:37)
2017-05-07 15:26:21,066 - Default Properties File: org\apache\velocity\runtime\defaults\velocity.properties
2017-05-07 15:26:21,066 - Default Properties File: org\apache\velocity\runtime\defaults\velocity.properties
2017-05-07 15:26:21,066 - Trying to use logger class org.apache.velocity.runtime.log.AvalonLogChute
2017-05-07 15:26:21,066 - Trying to use logger class org.apache.velocity.runtime.log.AvalonLogChute
2017-05-07 15:26:21,067 - Target log system for org.apache.velocity.runtime.log.AvalonLogChute is not available (java.lang.NoClassDefFoundError: org/apache/log/format/Formatter).  Falling back to next log system...
2017-05-07 15:26:21,067 - Target log system for org.apache.velocity.runtime.log.AvalonLogChute is not available (java.lang.NoClassDefFoundError: org/apache/log/format/Formatter).  Falling back to next log system...
2017-05-07 15:26:21,067 - Trying to use logger class org.apache.velocity.runtime.log.Log4JLogChute
2017-05-07 15:26:21,067 - Trying to use logger class org.apache.velocity.runtime.log.Log4JLogChute
2017-05-07 15:26:21,067 - Using logger class org.apache.velocity.runtime.log.Log4JLogChute
2017-05-07 15:26:21,067 - Using logger class org.apache.velocity.runtime.log.Log4JLogChute
2017-05-07 15:26:21,067 - ResourceLoader instantiated: org.apache.velocity.runtime.resource.loader.ClasspathResourceLoader
2017-05-07 15:26:21,067 - ResourceLoader instantiated: org.apache.velocity.runtime.resource.loader.ClasspathResourceLoader
2017-05-07 15:26:21,067 - ResourceCache: initialized (class org.apache.velocity.runtime.resource.ResourceCacheImpl) with class java.util.Collections$SynchronizedMap cache map.
2017-05-07 15:26:21,067 - ResourceCache: initialized (class org.apache.velocity.runtime.resource.ResourceCacheImpl) with class java.util.Collections$SynchronizedMap cache map.
2017-05-07 15:26:21,070 - Loaded System Directive: org.apache.velocity.runtime.directive.Stop
2017-05-07 15:26:21,070 - Loaded System Directive: org.apache.velocity.runtime.directive.Stop
2017-05-07 15:26:21,070 - Loaded System Directive: org.apache.velocity.runtime.directive.Define
2017-05-07 15:26:21,070 - Loaded System Directive: org.apache.velocity.runtime.directive.Define
2017-05-07 15:26:21,070 - Loaded System Directive: org.apache.velocity.runtime.directive.Break
2017-05-07 15:26:21,070 - Loaded System Directive: org.apache.velocity.runtime.directive.Break
2017-05-07 15:26:21,070 - Loaded System Directive: org.apache.velocity.runtime.directive.Evaluate
2017-05-07 15:26:21,070 - Loaded System Directive: org.apache.velocity.runtime.directive.Evaluate
2017-05-07 15:26:21,070 - Loaded System Directive: org.apache.velocity.runtime.directive.Literal
2017-05-07 15:26:21,070 - Loaded System Directive: org.apache.velocity.runtime.directive.Literal
2017-05-07 15:26:21,070 - Loaded System Directive: org.apache.velocity.runtime.directive.Macro
2017-05-07 15:26:21,070 - Loaded System Directive: org.apache.velocity.runtime.directive.Macro
2017-05-07 15:26:21,070 - Loaded System Directive: org.apache.velocity.runtime.directive.Parse
2017-05-07 15:26:21,070 - Loaded System Directive: org.apache.velocity.runtime.directive.Parse
2017-05-07 15:26:21,071 - Loaded System Directive: org.apache.velocity.runtime.directive.Include
2017-05-07 15:26:21,071 - Loaded System Directive: org.apache.velocity.runtime.directive.Include
2017-05-07 15:26:21,071 - Loaded System Directive: org.apache.velocity.runtime.directive.Foreach
2017-05-07 15:26:21,071 - Loaded System Directive: org.apache.velocity.runtime.directive.Foreach
2017-05-07 15:26:21,072 - Created '20' parsers.
2017-05-07 15:26:21,072 - Created '20' parsers.
2017-05-07 15:26:21,072 - Velocimacro : "velocimacro.library" is not set.  Trying default library: VM_global_library.vm
2017-05-07 15:26:21,072 - Velocimacro : "velocimacro.library" is not set.  Trying default library: VM_global_library.vm
2017-05-07 15:26:21,072 - Could not load resource 'VM_global_library.vm' from ResourceLoader org.apache.velocity.runtime.resource.loader.ClasspathResourceLoader: ClasspathResourceLoader Error: cannot find resource VM_global_library.vm
2017-05-07 15:26:21,072 - Could not load resource 'VM_global_library.vm' from ResourceLoader org.apache.velocity.runtime.resource.loader.ClasspathResourceLoader: ClasspathResourceLoader Error: cannot find resource VM_global_library.vm
2017-05-07 15:26:21,072 - Velocimacro : Default library not found.
2017-05-07 15:26:21,072 - Velocimacro : Default library not found.
2017-05-07 15:26:21,072 - Velocimacro : allowInline = true : VMs can be defined inline in templates
2017-05-07 15:26:21,072 - Velocimacro : allowInline = true : VMs can be defined inline in templates
2017-05-07 15:26:21,073 - Velocimacro : allowInlineToOverride = false : VMs defined inline may NOT replace previous VM definitions
2017-05-07 15:26:21,073 - Velocimacro : allowInlineToOverride = false : VMs defined inline may NOT replace previous VM definitions
2017-05-07 15:26:21,073 - Velocimacro : allowInlineLocal = false : VMs defined inline will be global in scope if allowed.
2017-05-07 15:26:21,073 - Velocimacro : allowInlineLocal = false : VMs defined inline will be global in scope if allowed.
2017-05-07 15:26:21,073 - Velocimacro : autoload off : VM system will not automatically reload global library macros
2017-05-07 15:26:21,073 - Velocimacro : autoload off : VM system will not automatically reload global library macros
2017-05-07 15:26:21,074 - ResourceManager : found registrar1.vtl with loader org.apache.velocity.runtime.resource.loader.ClasspathResourceLoader
2017-05-07 15:26:21,074 - ResourceManager : found registrar1.vtl with loader org.apache.velocity.runtime.resource.loader.ClasspathResourceLoader
2017-05-07 15:26:24,773 - Log4JLogChute initialized using file 'velocity.log'
2017-05-07 15:26:24,773 - Log4JLogChute initialized using file 'velocity.log'
2017-05-07 15:26:24,773 - Log4JLogChute initialized using file 'velocity.log'
2017-05-07 15:26:24,773 - Initializing Velocity, Calling init()...
2017-05-07 15:26:24,773 - Initializing Velocity, Calling init()...
2017-05-07 15:26:24,773 - Initializing Velocity, Calling init()...
2017-05-07 15:26:24,773 - Starting Apache Velocity v1.7 (compiled: 2010-11-19 12:14:37)
2017-05-07 15:26:24,773 - Starting Apache Velocity v1.7 (compiled: 2010-11-19 12:14:37)
2017-05-07 15:26:24,773 - Starting Apache Velocity v1.7 (compiled: 2010-11-19 12:14:37)
2017-05-07 15:26:24,775 - Default Properties File: org\apache\velocity\runtime\defaults\velocity.properties
2017-05-07 15:26:24,775 - Default Properties File: org\apache\velocity\runtime\defaults\velocity.properties
2017-05-07 15:26:24,775 - Default Properties File: org\apache\velocity\runtime\defaults\velocity.properties
2017-05-07 15:26:24,776 - Trying to use logger class org.apache.velocity.runtime.log.AvalonLogChute
2017-05-07 15:26:24,776 - Trying to use logger class org.apache.velocity.runtime.log.AvalonLogChute
2017-05-07 15:26:24,776 - Trying to use logger class org.apache.velocity.runtime.log.AvalonLogChute
2017-05-07 15:26:24,776 - Target log system for org.apache.velocity.runtime.log.AvalonLogChute is not available (java.lang.NoClassDefFoundError: org/apache/log/format/Formatter).  Falling back to next log system...
2017-05-07 15:26:24,776 - Target log system for org.apache.velocity.runtime.log.AvalonLogChute is not available (java.lang.NoClassDefFoundError: org/apache/log/format/Formatter).  Falling back to next log system...
2017-05-07 15:26:24,776 - Target log system for org.apache.velocity.runtime.log.AvalonLogChute is not available (java.lang.NoClassDefFoundError: org/apache/log/format/Formatter).  Falling back to next log system...
2017-05-07 15:26:24,776 - Trying to use logger class org.apache.velocity.runtime.log.Log4JLogChute
2017-05-07 15:26:24,776 - Trying to use logger class org.apache.velocity.runtime.log.Log4JLogChute
2017-05-07 15:26:24,776 - Trying to use logger class org.apache.velocity.runtime.log.Log4JLogChute
2017-05-07 15:26:24,776 - Using logger class org.apache.velocity.runtime.log.Log4JLogChute
2017-05-07 15:26:24,776 - Using logger class org.apache.velocity.runtime.log.Log4JLogChute
2017-05-07 15:26:24,776 - Using logger class org.apache.velocity.runtime.log.Log4JLogChute
2017-05-07 15:26:24,776 - ResourceLoader instantiated: org.apache.velocity.runtime.resource.loader.ClasspathResourceLoader
2017-05-07 15:26:24,776 - ResourceLoader instantiated: org.apache.velocity.runtime.resource.loader.ClasspathResourceLoader
2017-05-07 15:26:24,776 - ResourceLoader instantiated: org.apache.velocity.runtime.resource.loader.ClasspathResourceLoader
2017-05-07 15:26:24,777 - ResourceCache: initialized (class org.apache.velocity.runtime.resource.ResourceCacheImpl) with class java.util.Collections$SynchronizedMap cache map.
2017-05-07 15:26:24,777 - ResourceCache: initialized (class org.apache.velocity.runtime.resource.ResourceCacheImpl) with class java.util.Collections$SynchronizedMap cache map.
2017-05-07 15:26:24,777 - ResourceCache: initialized (class org.apache.velocity.runtime.resource.ResourceCacheImpl) with class java.util.Collections$SynchronizedMap cache map.
2017-05-07 15:26:24,778 - Loaded System Directive: org.apache.velocity.runtime.directive.Stop
2017-05-07 15:26:24,778 - Loaded System Directive: org.apache.velocity.runtime.directive.Stop
2017-05-07 15:26:24,778 - Loaded System Directive: org.apache.velocity.runtime.directive.Stop
2017-05-07 15:26:24,778 - Loaded System Directive: org.apache.velocity.runtime.directive.Define
2017-05-07 15:26:24,778 - Loaded System Directive: org.apache.velocity.runtime.directive.Define
2017-05-07 15:26:24,778 - Loaded System Directive: org.apache.velocity.runtime.directive.Define
2017-05-07 15:26:24,778 - Loaded System Directive: org.apache.velocity.runtime.directive.Break
2017-05-07 15:26:24,778 - Loaded System Directive: org.apache.velocity.runtime.directive.Break
2017-05-07 15:26:24,778 - Loaded System Directive: org.apache.velocity.runtime.directive.Break
2017-05-07 15:26:24,778 - Loaded System Directive: org.apache.velocity.runtime.directive.Evaluate
2017-05-07 15:26:24,778 - Loaded System Directive: org.apache.velocity.runtime.directive.Evaluate
2017-05-07 15:26:24,778 - Loaded System Directive: org.apache.velocity.runtime.directive.Evaluate
2017-05-07 15:26:24,778 - Loaded System Directive: org.apache.velocity.runtime.directive.Literal
2017-05-07 15:26:24,778 - Loaded System Directive: org.apache.velocity.runtime.directive.Literal
2017-05-07 15:26:24,778 - Loaded System Directive: org.apache.velocity.runtime.directive.Literal
2017-05-07 15:26:24,778 - Loaded System Directive: org.apache.velocity.runtime.directive.Macro
2017-05-07 15:26:24,778 - Loaded System Directive: org.apache.velocity.runtime.directive.Macro
2017-05-07 15:26:24,778 - Loaded System Directive: org.apache.velocity.runtime.directive.Macro
2017-05-07 15:26:24,779 - Loaded System Directive: org.apache.velocity.runtime.directive.Parse
2017-05-07 15:26:24,779 - Loaded System Directive: org.apache.velocity.runtime.directive.Parse
2017-05-07 15:26:24,779 - Loaded System Directive: org.apache.velocity.runtime.directive.Parse
2017-05-07 15:26:24,779 - Loaded System Directive: org.apache.velocity.runtime.directive.Include
2017-05-07 15:26:24,779 - Loaded System Directive: org.apache.velocity.runtime.directive.Include
2017-05-07 15:26:24,779 - Loaded System Directive: org.apache.velocity.runtime.directive.Include
2017-05-07 15:26:24,779 - Loaded System Directive: org.apache.velocity.runtime.directive.Foreach
2017-05-07 15:26:24,779 - Loaded System Directive: org.apache.velocity.runtime.directive.Foreach
2017-05-07 15:26:24,779 - Loaded System Directive: org.apache.velocity.runtime.directive.Foreach
2017-05-07 15:26:24,781 - Created '20' parsers.
2017-05-07 15:26:24,781 - Created '20' parsers.
2017-05-07 15:26:24,781 - Created '20' parsers.
2017-05-07 15:26:24,781 - Velocimacro : "velocimacro.library" is not set.  Trying default library: VM_global_library.vm
2017-05-07 15:26:24,781 - Velocimacro : "velocimacro.library" is not set.  Trying default library: VM_global_library.vm
2017-05-07 15:26:24,781 - Velocimacro : "velocimacro.library" is not set.  Trying default library: VM_global_library.vm
2017-05-07 15:26:24,782 - Could not load resource 'VM_global_library.vm' from ResourceLoader org.apache.velocity.runtime.resource.loader.ClasspathResourceLoader: ClasspathResourceLoader Error: cannot find resource VM_global_library.vm
2017-05-07 15:26:24,782 - Could not load resource 'VM_global_library.vm' from ResourceLoader org.apache.velocity.runtime.resource.loader.ClasspathResourceLoader: ClasspathResourceLoader Error: cannot find resource VM_global_library.vm
2017-05-07 15:26:24,782 - Could not load resource 'VM_global_library.vm' from ResourceLoader org.apache.velocity.runtime.resource.loader.ClasspathResourceLoader: ClasspathResourceLoader Error: cannot find resource VM_global_library.vm
2017-05-07 15:26:24,782 - Velocimacro : Default library not found.
2017-05-07 15:26:24,782 - Velocimacro : Default library not found.
2017-05-07 15:26:24,782 - Velocimacro : Default library not found.
2017-05-07 15:26:24,782 - Velocimacro : allowInline = true : VMs can be defined inline in templates
2017-05-07 15:26:24,782 - Velocimacro : allowInline = true : VMs can be defined inline in templates
2017-05-07 15:26:24,782 - Velocimacro : allowInline = true : VMs can be defined inline in templates
2017-05-07 15:26:24,782 - Velocimacro : allowInlineToOverride = false : VMs defined inline may NOT replace previous VM definitions
2017-05-07 15:26:24,782 - Velocimacro : allowInlineToOverride = false : VMs defined inline may NOT replace previous VM definitions
2017-05-07 15:26:24,782 - Velocimacro : allowInlineToOverride = false : VMs defined inline may NOT replace previous VM definitions
2017-05-07 15:26:24,782 - Velocimacro : allowInlineLocal = false : VMs defined inline will be global in scope if allowed.
2017-05-07 15:26:24,782 - Velocimacro : allowInlineLocal = false : VMs defined inline will be global in scope if allowed.
2017-05-07 15:26:24,782 - Velocimacro : allowInlineLocal = false : VMs defined inline will be global in scope if allowed.
2017-05-07 15:26:24,783 - Velocimacro : autoload off : VM system will not automatically reload global library macros
2017-05-07 15:26:24,783 - Velocimacro : autoload off : VM system will not automatically reload global library macros
2017-05-07 15:26:24,783 - Velocimacro : autoload off : VM system will not automatically reload global library macros
2017-05-07 15:26:24,797 - ResourceManager : found showAllEmployees.vtl with loader org.apache.velocity.runtime.resource.loader.ClasspathResourceLoader
2017-05-07 15:26:24,797 - ResourceManager : found showAllEmployees.vtl with loader org.apache.velocity.runtime.resource.loader.ClasspathResourceLoader
2017-05-07 15:26:24,797 - ResourceManager : found showAllEmployees.vtl with loader org.apache.velocity.runtime.resource.loader.ClasspathResourceLoader
2017-05-07 15:26:29,272 - Log4JLogChute initialized using file 'velocity.log'
2017-05-07 15:26:29,272 - Log4JLogChute initialized using file 'velocity.log'
2017-05-07 15:26:29,272 - Log4JLogChute initialized using file 'velocity.log'
2017-05-07 15:26:29,272 - Log4JLogChute initialized using file 'velocity.log'
2017-05-07 15:26:29,273 - Initializing Velocity, Calling init()...
2017-05-07 15:26:29,273 - Initializing Velocity, Calling init()...
2017-05-07 15:26:29,273 - Initializing Velocity, Calling init()...
2017-05-07 15:26:29,273 - Initializing Velocity, Calling init()...
2017-05-07 15:26:29,273 - Starting Apache Velocity v1.7 (compiled: 2010-11-19 12:14:37)
2017-05-07 15:26:29,273 - Starting Apache Velocity v1.7 (compiled: 2010-11-19 12:14:37)
2017-05-07 15:26:29,273 - Starting Apache Velocity v1.7 (compiled: 2010-11-19 12:14:37)
2017-05-07 15:26:29,273 - Starting Apache Velocity v1.7 (compiled: 2010-11-19 12:14:37)
2017-05-07 15:26:29,273 - Default Properties File: org\apache\velocity\runtime\defaults\velocity.properties
2017-05-07 15:26:29,273 - Default Properties File: org\apache\velocity\runtime\defaults\velocity.properties
2017-05-07 15:26:29,273 - Default Properties File: org\apache\velocity\runtime\defaults\velocity.properties
2017-05-07 15:26:29,273 - Default Properties File: org\apache\velocity\runtime\defaults\velocity.properties
2017-05-07 15:26:29,273 - Trying to use logger class org.apache.velocity.runtime.log.AvalonLogChute
2017-05-07 15:26:29,273 - Trying to use logger class org.apache.velocity.runtime.log.AvalonLogChute
2017-05-07 15:26:29,273 - Trying to use logger class org.apache.velocity.runtime.log.AvalonLogChute
2017-05-07 15:26:29,273 - Trying to use logger class org.apache.velocity.runtime.log.AvalonLogChute
2017-05-07 15:26:29,273 - Target log system for org.apache.velocity.runtime.log.AvalonLogChute is not available (java.lang.NoClassDefFoundError: org/apache/log/format/Formatter).  Falling back to next log system...
2017-05-07 15:26:29,273 - Target log system for org.apache.velocity.runtime.log.AvalonLogChute is not available (java.lang.NoClassDefFoundError: org/apache/log/format/Formatter).  Falling back to next log system...
2017-05-07 15:26:29,273 - Target log system for org.apache.velocity.runtime.log.AvalonLogChute is not available (java.lang.NoClassDefFoundError: org/apache/log/format/Formatter).  Falling back to next log system...
2017-05-07 15:26:29,273 - Target log system for org.apache.velocity.runtime.log.AvalonLogChute is not available (java.lang.NoClassDefFoundError: org/apache/log/format/Formatter).  Falling back to next log system...
2017-05-07 15:26:29,273 - Trying to use logger class org.apache.velocity.runtime.log.Log4JLogChute
2017-05-07 15:26:29,273 - Trying to use logger class org.apache.velocity.runtime.log.Log4JLogChute
2017-05-07 15:26:29,273 - Trying to use logger class org.apache.velocity.runtime.log.Log4JLogChute
2017-05-07 15:26:29,273 - Trying to use logger class org.apache.velocity.runtime.log.Log4JLogChute
2017-05-07 15:26:29,273 - Using logger class org.apache.velocity.runtime.log.Log4JLogChute
2017-05-07 15:26:29,273 - Using logger class org.apache.velocity.runtime.log.Log4JLogChute
2017-05-07 15:26:29,273 - Using logger class org.apache.velocity.runtime.log.Log4JLogChute
2017-05-07 15:26:29,273 - Using logger class org.apache.velocity.runtime.log.Log4JLogChute
2017-05-07 15:26:29,274 - ResourceLoader instantiated: org.apache.velocity.runtime.resource.loader.ClasspathResourceLoader
2017-05-07 15:26:29,274 - ResourceLoader instantiated: org.apache.velocity.runtime.resource.loader.ClasspathResourceLoader
2017-05-07 15:26:29,274 - ResourceLoader instantiated: org.apache.velocity.runtime.resource.loader.ClasspathResourceLoader
2017-05-07 15:26:29,274 - ResourceLoader instantiated: org.apache.velocity.runtime.resource.loader.ClasspathResourceLoader
2017-05-07 15:26:29,274 - ResourceCache: initialized (class org.apache.velocity.runtime.resource.ResourceCacheImpl) with class java.util.Collections$SynchronizedMap cache map.
2017-05-07 15:26:29,274 - ResourceCache: initialized (class org.apache.velocity.runtime.resource.ResourceCacheImpl) with class java.util.Collections$SynchronizedMap cache map.
2017-05-07 15:26:29,274 - ResourceCache: initialized (class org.apache.velocity.runtime.resource.ResourceCacheImpl) with class java.util.Collections$SynchronizedMap cache map.
2017-05-07 15:26:29,274 - ResourceCache: initialized (class org.apache.velocity.runtime.resource.ResourceCacheImpl) with class java.util.Collections$SynchronizedMap cache map.
2017-05-07 15:26:29,276 - Loaded System Directive: org.apache.velocity.runtime.directive.Stop
2017-05-07 15:26:29,276 - Loaded System Directive: org.apache.velocity.runtime.directive.Stop
2017-05-07 15:26:29,276 - Loaded System Directive: org.apache.velocity.runtime.directive.Stop
2017-05-07 15:26:29,276 - Loaded System Directive: org.apache.velocity.runtime.directive.Stop
2017-05-07 15:26:29,276 - Loaded System Directive: org.apache.velocity.runtime.directive.Define
2017-05-07 15:26:29,276 - Loaded System Directive: org.apache.velocity.runtime.directive.Define
2017-05-07 15:26:29,276 - Loaded System Directive: org.apache.velocity.runtime.directive.Define
2017-05-07 15:26:29,276 - Loaded System Directive: org.apache.velocity.runtime.directive.Define
2017-05-07 15:26:29,276 - Loaded System Directive: org.apache.velocity.runtime.directive.Break
2017-05-07 15:26:29,276 - Loaded System Directive: org.apache.velocity.runtime.directive.Break
2017-05-07 15:26:29,276 - Loaded System Directive: org.apache.velocity.runtime.directive.Break
2017-05-07 15:26:29,276 - Loaded System Directive: org.apache.velocity.runtime.directive.Break
2017-05-07 15:26:29,276 - Loaded System Directive: org.apache.velocity.runtime.directive.Evaluate
2017-05-07 15:26:29,276 - Loaded System Directive: org.apache.velocity.runtime.directive.Evaluate
2017-05-07 15:26:29,276 - Loaded System Directive: org.apache.velocity.runtime.directive.Evaluate
2017-05-07 15:26:29,276 - Loaded System Directive: org.apache.velocity.runtime.directive.Evaluate
2017-05-07 15:26:29,276 - Loaded System Directive: org.apache.velocity.runtime.directive.Literal
2017-05-07 15:26:29,276 - Loaded System Directive: org.apache.velocity.runtime.directive.Literal
2017-05-07 15:26:29,276 - Loaded System Directive: org.apache.velocity.runtime.directive.Literal
2017-05-07 15:26:29,276 - Loaded System Directive: org.apache.velocity.runtime.directive.Literal
2017-05-07 15:26:29,276 - Loaded System Directive: org.apache.velocity.runtime.directive.Macro
2017-05-07 15:26:29,276 - Loaded System Directive: org.apache.velocity.runtime.directive.Macro
2017-05-07 15:26:29,276 - Loaded System Directive: org.apache.velocity.runtime.directive.Macro
2017-05-07 15:26:29,276 - Loaded System Directive: org.apache.velocity.runtime.directive.Macro
2017-05-07 15:26:29,277 - Loaded System Directive: org.apache.velocity.runtime.directive.Parse
2017-05-07 15:26:29,277 - Loaded System Directive: org.apache.velocity.runtime.directive.Parse
2017-05-07 15:26:29,277 - Loaded System Directive: org.apache.velocity.runtime.directive.Parse
2017-05-07 15:26:29,277 - Loaded System Directive: org.apache.velocity.runtime.directive.Parse
2017-05-07 15:26:29,277 - Loaded System Directive: org.apache.velocity.runtime.directive.Include
2017-05-07 15:26:29,277 - Loaded System Directive: org.apache.velocity.runtime.directive.Include
2017-05-07 15:26:29,277 - Loaded System Directive: org.apache.velocity.runtime.directive.Include
2017-05-07 15:26:29,277 - Loaded System Directive: org.apache.velocity.runtime.directive.Include
2017-05-07 15:26:29,277 - Loaded System Directive: org.apache.velocity.runtime.directive.Foreach
2017-05-07 15:26:29,277 - Loaded System Directive: org.apache.velocity.runtime.directive.Foreach
2017-05-07 15:26:29,277 - Loaded System Directive: org.apache.velocity.runtime.directive.Foreach
2017-05-07 15:26:29,277 - Loaded System Directive: org.apache.velocity.runtime.directive.Foreach
2017-05-07 15:26:29,278 - Created '20' parsers.
2017-05-07 15:26:29,278 - Created '20' parsers.
2017-05-07 15:26:29,278 - Created '20' parsers.
2017-05-07 15:26:29,278 - Created '20' parsers.
2017-05-07 15:26:29,279 - Velocimacro : "velocimacro.library" is not set.  Trying default library: VM_global_library.vm
2017-05-07 15:26:29,279 - Velocimacro : "velocimacro.library" is not set.  Trying default library: VM_global_library.vm
2017-05-07 15:26:29,279 - Velocimacro : "velocimacro.library" is not set.  Trying default library: VM_global_library.vm
2017-05-07 15:26:29,279 - Velocimacro : "velocimacro.library" is not set.  Trying default library: VM_global_library.vm
2017-05-07 15:26:29,279 - Could not load resource 'VM_global_library.vm' from ResourceLoader org.apache.velocity.runtime.resource.loader.ClasspathResourceLoader: ClasspathResourceLoader Error: cannot find resource VM_global_library.vm
2017-05-07 15:26:29,279 - Could not load resource 'VM_global_library.vm' from ResourceLoader org.apache.velocity.runtime.resource.loader.ClasspathResourceLoader: ClasspathResourceLoader Error: cannot find resource VM_global_library.vm
2017-05-07 15:26:29,279 - Could not load resource 'VM_global_library.vm' from ResourceLoader org.apache.velocity.runtime.resource.loader.ClasspathResourceLoader: ClasspathResourceLoader Error: cannot find resource VM_global_library.vm
2017-05-07 15:26:29,279 - Could not load resource 'VM_global_library.vm' from ResourceLoader org.apache.velocity.runtime.resource.loader.ClasspathResourceLoader: ClasspathResourceLoader Error: cannot find resource VM_global_library.vm
2017-05-07 15:26:29,279 - Velocimacro : Default library not found.
2017-05-07 15:26:29,279 - Velocimacro : Default library not found.
2017-05-07 15:26:29,279 - Velocimacro : Default library not found.
2017-05-07 15:26:29,279 - Velocimacro : Default library not found.
2017-05-07 15:26:29,279 - Velocimacro : allowInline = true : VMs can be defined inline in templates
2017-05-07 15:26:29,279 - Velocimacro : allowInline = true : VMs can be defined inline in templates
2017-05-07 15:26:29,279 - Velocimacro : allowInline = true : VMs can be defined inline in templates
2017-05-07 15:26:29,279 - Velocimacro : allowInline = true : VMs can be defined inline in templates
2017-05-07 15:26:29,280 - Velocimacro : allowInlineToOverride = false : VMs defined inline may NOT replace previous VM definitions
2017-05-07 15:26:29,280 - Velocimacro : allowInlineToOverride = false : VMs defined inline may NOT replace previous VM definitions
2017-05-07 15:26:29,280 - Velocimacro : allowInlineToOverride = false : VMs defined inline may NOT replace previous VM definitions
2017-05-07 15:26:29,280 - Velocimacro : allowInlineToOverride = false : VMs defined inline may NOT replace previous VM definitions
2017-05-07 15:26:29,280 - Velocimacro : allowInlineLocal = false : VMs defined inline will be global in scope if allowed.
2017-05-07 15:26:29,280 - Velocimacro : allowInlineLocal = false : VMs defined inline will be global in scope if allowed.
2017-05-07 15:26:29,280 - Velocimacro : allowInlineLocal = false : VMs defined inline will be global in scope if allowed.
2017-05-07 15:26:29,280 - Velocimacro : allowInlineLocal = false : VMs defined inline will be global in scope if allowed.
2017-05-07 15:26:29,280 - Velocimacro : autoload off : VM system will not automatically reload global library macros
2017-05-07 15:26:29,280 - Velocimacro : autoload off : VM system will not automatically reload global library macros
2017-05-07 15:26:29,280 - Velocimacro : autoload off : VM system will not automatically reload global library macros
2017-05-07 15:26:29,280 - Velocimacro : autoload off : VM system will not automatically reload global library macros
2017-05-07 15:26:29,281 - ResourceManager : found registrarDescuentos.vtl with loader org.apache.velocity.runtime.resource.loader.ClasspathResourceLoader
2017-05-07 15:26:29,281 - ResourceManager : found registrarDescuentos.vtl with loader org.apache.velocity.runtime.resource.loader.ClasspathResourceLoader
2017-05-07 15:26:29,281 - ResourceManager : found registrarDescuentos.vtl with loader org.apache.velocity.runtime.resource.loader.ClasspathResourceLoader
2017-05-07 15:26:29,281 - ResourceManager : found registrarDescuentos.vtl with loader org.apache.velocity.runtime.resource.loader.ClasspathResourceLoader
